{"/Users/mohamed.abdulla/Documents/thoughtspot-project/scaffold-react/src/test.ts": {"path":"/Users/mohamed.abdulla/Documents/thoughtspot-project/scaffold-react/src/test.ts","statementMap":{"0":{"start":{"line":2,"column":4},"end":{"line":2,"column":17}},"1":{"start":{"line":1,"column":0},"end":{"line":1,"column":16}}},"fnMap":{"0":{"name":"sum","decl":{"start":{"line":1,"column":16},"end":{"line":1,"column":19}},"loc":{"start":{"line":1,"column":40},"end":{"line":3,"column":1}}}},"branchMap":{},"s":{"0":1,"1":1},"f":{"0":1},"b":{}}
,"/Users/mohamed.abdulla/Documents/thoughtspot-project/scaffold-react/src/components/TestComponent.tsx": {"path":"/Users/mohamed.abdulla/Documents/thoughtspot-project/scaffold-react/src/components/TestComponent.tsx","statementMap":{"0":{"start":{"line":1,"column":0},"end":{"line":1,"column":31}},"1":{"start":{"line":4,"column":4},"end":{"line":4,"column":51}},"2":{"start":{"line":3,"column":0},"end":{"line":3,"column":16}}},"fnMap":{"0":{"name":"TestComponent","decl":{"start":{"line":3,"column":16},"end":{"line":3,"column":29}},"loc":{"start":{"line":3,"column":29},"end":{"line":5,"column":1}}}},"branchMap":{},"s":{"0":1,"1":1,"2":1},"f":{"0":1},"b":{}}
}
